<?xml version="1.0" encoding="UTF-8"?>
<!-- Generated by org.testng.reporters.JUnitReportReporter -->
<testsuite hostname="GovindMaddala" failures="0" tests="2" name="IndexPageTest" time="3.857" errors="0" timestamp="2022-05-18T14:34:13 IST" skipped="0">
  <testcase classname="IndexPageTest" name="imgValidate" time="0.721"/>
  <system-out/>
  <testcase classname="IndexPageTest" name="searchItem" time="3.136"/>
  <system-out/>
</testsuite> <!-- IndexPageTest -->
