<?xml version="1.0" encoding="UTF-8"?>
<!-- Generated by org.testng.reporters.JUnitReportReporter -->
<testsuite hostname="GovindMaddala" failures="0" tests="1" name="LearnNew.E2Eproj.ValidatingObjects" time="10.257" errors="0" timestamp="2022-04-21T10:02:37 IST" skipped="0">
  <testcase classname="LearnNew.E2Eproj.ValidatingObjects" name="homePage" time="10.257"/>
  <system-out/>
</testsuite> <!-- LearnNew.E2Eproj.ValidatingObjects -->
