<?xml version="1.0" encoding="UTF-8"?>
<!-- Generated by org.testng.reporters.JUnitReportReporter -->
<testsuite hostname="GovindMaddala" failures="0" tests="2" name="LearnNew.E2Eproj.HomePageInheritence" time="8.995" errors="0" timestamp="2022-04-21T10:02:37 IST" skipped="0">
  <testcase classname="LearnNew.E2Eproj.HomePageInheritence" name="homePage" time="1.120"/>
  <system-out/>
  <testcase classname="LearnNew.E2Eproj.HomePageInheritence" name="homePage" time="7.875"/>
  <system-out/>
</testsuite> <!-- LearnNew.E2Eproj.HomePageInheritence -->
