<?xml version="1.0" encoding="UTF-8"?>
<!-- Generated by org.testng.reporters.JUnitReportReporter -->
<testsuite hostname="GovindMaddala" failures="0" tests="2" name="cucumberOptions.TestRunner" time="94.782" errors="0" timestamp="2022-05-12T16:39:39 IST" skipped="0">
  <testcase classname="cucumberOptions.TestRunner" name="runScenario" time="60.492"/>
  <system-out/>
  <testcase classname="cucumberOptions.TestRunner" name="runScenario" time="34.290"/>
  <system-out/>
</testsuite> <!-- cucumberOptions.TestRunner -->
