<?xml version="1.0" encoding="UTF-8"?>
<!-- Generated by org.testng.reporters.JUnitReportReporter -->
<testsuite hostname="GovindMaddala" failures="0" tests="1" name="LearnNew.E2Eproj.HomePageClassObj" time="13.357" errors="0" timestamp="2022-04-21T10:02:37 IST" skipped="0">
  <testcase classname="LearnNew.E2Eproj.HomePageClassObj" name="homePage" time="13.357"/>
  <system-out/>
</testsuite> <!-- LearnNew.E2Eproj.HomePageClassObj -->
