<?xml version="1.0" encoding="UTF-8"?>
<!-- Generated by org.testng.reporters.JUnitReportReporter -->
<testsuite hostname="GovindMaddala" failures="0" tests="2" name="learnnew.mavenjava._1_SeleniumTest" time="0.033" errors="0" timestamp="2022-04-10T11:12:35 IST" skipped="0">
  <testcase classname="learnnew.mavenjava._1_SeleniumTest" name="browser" time="0.027"/>
  <system-out/>
  <testcase classname="learnnew.mavenjava._1_SeleniumTest" name="screenshot" time="0.006"/>
  <system-out/>
</testsuite> <!-- learnnew.mavenjava._1_SeleniumTest -->
