<?xml version="1.0" encoding="UTF-8"?>
<!-- Generated by org.testng.reporters.JUnitReportReporter -->
<testsuite hostname="GovindMaddala" failures="0" tests="1" name="learnnew.mavenjava.Selenium" time="0.026" errors="0" timestamp="2022-04-05T10:28:44 IST" skipped="0">
  <testcase classname="learnnew.mavenjava.Selenium" name="browser" time="0.026"/>
  <system-out/>
</testsuite> <!-- learnnew.mavenjava.Selenium -->
