<?xml version="1.0" encoding="UTF-8"?>
<!-- Generated by org.testng.reporters.JUnitReportReporter -->
<testsuite hostname="GovindMaddala" failures="0" tests="2" name="learnnew.mavenjava._2_RestAPITest" time="0.005" errors="0" timestamp="2022-04-10T11:12:35 IST" skipped="0">
  <testcase classname="learnnew.mavenjava._2_RestAPITest" name="browser" time="0.003"/>
  <system-out/>
  <testcase classname="learnnew.mavenjava._2_RestAPITest" name="screenshot" time="0.002"/>
  <system-out/>
</testsuite> <!-- learnnew.mavenjava._2_RestAPITest -->
