<?xml version="1.0" encoding="UTF-8"?>
<!-- Generated by org.testng.reporters.JUnitReportReporter -->
<testsuite hostname="GovindMaddala" failures="0" tests="1" name="testCases.TC_2TermsPageTest" time="16.116" errors="0" timestamp="2022-05-04T09:12:43 IST" skipped="0">
  <testcase classname="testCases.TC_2TermsPageTest" name="terms" time="16.116"/>
  <system-out/>
</testsuite> <!-- testCases.TC_2TermsPageTest -->
