<?xml version="1.0" encoding="UTF-8"?>
<!-- Generated by org.testng.reporters.JUnitReportReporter -->
<testsuite hostname="GovindMaddala" failures="0" tests="1" name="Yahoo.registerForm.RegistrationForm" time="39.475" errors="0" timestamp="2022-05-03T12:55:05 IST" skipped="0">
  <testcase classname="Yahoo.registerForm.RegistrationForm" name="driver" time="39.475"/>
  <system-out/>
</testsuite> <!-- Yahoo.registerForm.RegistrationForm -->
