<?xml version="1.0" encoding="UTF-8"?>
<!-- Generated by org.testng.reporters.JUnitReportReporter -->
<testsuite hostname="LAPTOP-KA4DGM33" failures="0" tests="1" name="Issues.Issue" time="0.349" errors="0" timestamp="2022-11-20T09:25:43 IST" skipped="0">
  <testcase classname="Issues.Issue" name="addComment" time="0.349"/>
  <system-out/>
</testsuite> <!-- Issues.Issue -->
