<?xml version="1.0" encoding="UTF-8"?>
<!-- Generated by org.testng.reporters.JUnitReportReporter -->
<testsuite hostname="LAPTOP-KA4DGM33" failures="0" tests="1" name="login.Login" time="1.930" errors="0" timestamp="2022-11-20T08:23:58 IST" skipped="0">
  <testcase classname="login.Login" name="getLoginSession" time="1.930"/>
  <system-out/>
</testsuite> <!-- login.Login -->
