<?xml version="1.0" encoding="UTF-8"?>
<!-- Generated by org.testng.reporters.JUnitReportReporter -->
<testsuite hostname="LAPTOP-KA4DGM33" failures="0" tests="1" name="come.Chailntl.tests.PaymentTest" time="20.921" errors="0" timestamp="2022-07-01T19:31:21 IST" skipped="0">
  <testcase classname="come.Chailntl.tests.PaymentTest" name="Paymenttest" time="20.921"/>
  <system-out/>
</testsuite> <!-- come.Chailntl.tests.PaymentTest -->
