<?xml version="1.0" encoding="UTF-8"?>
<!-- Generated by org.testng.reporters.JUnitReportReporter -->
<testsuite hostname="GovindMaddala" failures="0" tests="2" name="cucumberOptions.TestRunner" time="98.530" errors="0" timestamp="2022-05-12T15:34:28 IST" skipped="0">
  <testcase classname="cucumberOptions.TestRunner" name="runScenario" time="62.222"/>
  <system-out/>
  <testcase classname="cucumberOptions.TestRunner" name="runScenario" time="36.308"/>
  <system-out/>
</testsuite> <!-- cucumberOptions.TestRunner -->
