<?xml version="1.0" encoding="UTF-8"?>
<!-- Generated by org.testng.reporters.JUnitReportReporter -->
<testsuite hostname="GovindMaddala" failures="0" tests="1" name="LearnNew.E2Eproj.BrowserInvoking2" time="37.229" errors="0" timestamp="2022-04-13T13:07:30 IST" skipped="0">
  <testcase classname="LearnNew.E2Eproj.BrowserInvoking2" name="homePage" time="37.229"/>
  <system-out/>
</testsuite> <!-- LearnNew.E2Eproj.BrowserInvoking2 -->
