<?xml version="1.0" encoding="UTF-8"?>
<!-- Generated by org.testng.reporters.JUnitReportReporter -->
<testsuite hostname="GovindMaddala" failures="0" tests="1" name="LearnNew.E2Eproj.HomePage" time="24.530" errors="0" timestamp="2022-04-13T13:19:19 IST" skipped="0">
  <testcase classname="LearnNew.E2Eproj.HomePage" name="homePage" time="24.530"/>
  <system-out/>
</testsuite> <!-- LearnNew.E2Eproj.HomePage -->
