<?xml version="1.0" encoding="UTF-8"?>
<!-- Generated by org.testng.reporters.JUnitReportReporter -->
<testsuite hostname="GovindMaddala" failures="0" tests="1" name="resources.Try" time="5.189" errors="0" timestamp="2022-04-16T14:29:24 IST" skipped="0">
  <testcase classname="resources.Try" name="login" time="5.189"/>
  <system-out/>
</testsuite> <!-- resources.Try -->
