<?xml version="1.0" encoding="UTF-8"?>
<!-- Generated by org.testng.reporters.JUnitReportReporter -->
<testsuite hostname="GovindMaddala" failures="0" tests="1" name="LearnNew.E2Eproj.ValidatingObjectsTest" time="10.879" errors="0" timestamp="2022-04-21T10:43:47 IST" skipped="0">
  <testcase classname="LearnNew.E2Eproj.ValidatingObjectsTest" name="homePage" time="10.879"/>
  <system-out/>
</testsuite> <!-- LearnNew.E2Eproj.ValidatingObjectsTest -->
