<?xml version="1.0" encoding="UTF-8"?>
<!-- Generated by org.testng.reporters.JUnitReportReporter -->
<testsuite hostname="GovindMaddala" failures="0" tests="2" name="LearnNew.E2Eproj.PageOpti_HomePage" time="51.810" errors="0" timestamp="2022-04-20T14:10:36 IST" skipped="0">
  <testcase classname="LearnNew.E2Eproj.PageOpti_HomePage" name="homePage" time="24.995"/>
  <system-out/>
  <testcase classname="LearnNew.E2Eproj.PageOpti_HomePage" name="homePage" time="26.815"/>
  <system-out/>
</testsuite> <!-- LearnNew.E2Eproj.PageOpti_HomePage -->
