<?xml version="1.0" encoding="UTF-8"?>
<!-- Generated by org.testng.reporters.JUnitReportReporter -->
<testsuite hostname="GovindMaddala" failures="0" tests="1" name="_4" time="0.004" errors="0" timestamp="2022-04-04T15:59:19 IST" skipped="0">
  <testcase classname="_4" name="e4" time="0.004"/>
  <system-out/>
</testsuite> <!-- _4 -->
