<?xml version="1.0" encoding="UTF-8"?>
<!-- Generated by org.testng.reporters.JUnitReportReporter -->
<testsuite hostname="GovindMaddala" failures="0" tests="2" name="Basics" time="0.015" errors="0" timestamp="2022-04-01T13:41:19 IST" skipped="0">
  <testcase classname="Basics" name="testCase4" time="0.009"/>
  <system-out/>
  <testcase classname="Basics" name="testCase3" time="0.006"/>
  <system-out/>
</testsuite> <!-- Basics -->
