<?xml version="1.0" encoding="UTF-8"?>
<!-- Generated by org.testng.reporters.JUnitReportReporter -->
<testsuite hostname="GovindMaddala" failures="0" tests="3" name="_3" time="0.049" errors="0" timestamp="2022-04-04T15:59:19 IST" skipped="0">
  <testcase classname="_3" name="A3" time="0.034"/>
  <system-out/>
  <testcase classname="_3" name="I3" time="0.005"/>
  <system-out/>
  <testcase classname="_3" name="U3" time="0.010"/>
  <system-out/>
</testsuite> <!-- _3 -->
