<?xml version="1.0" encoding="UTF-8"?>
<!-- Generated by org.testng.reporters.JUnitReportReporter -->
<testsuite hostname="GovindMaddala" failures="0" tests="3" name="_2_Basics" time="0.032" errors="0" timestamp="2022-04-16T22:00:19 IST" skipped="0">
  <testcase classname="_2_Basics" name="testCase3" time="0.005"/>
  <system-out/>
  <testcase classname="_2_Basics" name="testCase4" time="0.009"/>
  <system-out/>
  <testcase classname="_2_Basics" name="trial2" time="0.018"/>
  <system-out/>
</testsuite> <!-- _2_Basics -->
