<?xml version="1.0" encoding="UTF-8"?>
<!-- Generated by org.testng.reporters.JUnitReportReporter -->
<testsuite hostname="GovindMaddala" failures="0" tests="2" name="Basic" time="0.043" errors="0" timestamp="2022-04-01T13:41:19 IST" skipped="0">
  <testcase classname="Basic" name="testcase2" time="0.008"/>
  <system-out/>
  <testcase classname="Basic" name="testcase1" time="0.035"/>
  <system-out/>
</testsuite> <!-- Basic -->
