<?xml version="1.0" encoding="UTF-8"?>
<!-- Generated by org.testng.reporters.JUnitReportReporter -->
<testsuite hostname="GovindMaddala" failures="0" tests="3" name="_6_dataprovider" time="0.015" errors="0" timestamp="2022-04-17T10:07:46 IST" skipped="0">
  <testcase classname="_6_dataprovider" name="multi" time="0.004"/>
  <system-out/>
  <testcase classname="_6_dataprovider" name="multi" time="0.007"/>
  <system-out/>
  <testcase classname="_6_dataprovider" name="multi" time="0.004"/>
  <system-out/>
</testsuite> <!-- _6_dataprovider -->
