<?xml version="1.0" encoding="UTF-8"?>
<!-- Generated by org.testng.reporters.JUnitReportReporter -->
<testsuite hostname="GovindMaddala" failures="0" tests="3" name="_1_Basic" time="0.050" errors="0" timestamp="2022-04-16T22:00:19 IST" skipped="0">
  <testcase classname="_1_Basic" name="testtrial1" time="0.010"/>
  <system-out/>
  <testcase classname="_1_Basic" name="testCase1" time="0.032"/>
  <system-out/>
  <testcase classname="_1_Basic" name="testCase2" time="0.008"/>
  <system-out/>
</testsuite> <!-- _1_Basic -->
