<?xml version="1.0" encoding="UTF-8"?>
<!-- Generated by org.testng.reporters.JUnitReportReporter -->
<testsuite hostname="GovindMaddala" failures="0" tests="2" name="_6_a_parameterizing" time="0.044" errors="0" timestamp="2022-04-17T10:07:46 IST" skipped="0">
  <testcase classname="_6_a_parameterizing" name="suite6a" time="0.022"/>
  <system-out/>
  <testcase classname="_6_a_parameterizing" name="test6a" time="0.022"/>
  <system-out/>
</testsuite> <!-- _6_a_parameterizing -->
