<?xml version="1.0" encoding="UTF-8"?>
<!-- Generated by org.testng.reporters.JUnitReportReporter -->
<testsuite hostname="GovindMaddala" failures="0" tests="6" name="_5_helpers" time="0.081" errors="0" timestamp="2022-04-04T12:58:27 IST" skipped="0">
  <testcase classname="_5_helpers" name="a" time="0.010"/>
  <system-out/>
  <testcase classname="_5_helpers" name="z" time="0.004"/>
  <system-out/>
  <testcase classname="_5_helpers" name="e" time="0.009"/>
  <system-out/>
  <testcase classname="_5_helpers" name="b" time="0.025"/>
  <system-out/>
  <testcase classname="_5_helpers" name="i" time="0.028"/>
  <system-out/>
  <testcase classname="_5_helpers" name="j" time="0.005"/>
  <system-out/>
</testsuite> <!-- _5_helpers -->
