<?xml version="1.0" encoding="UTF-8"?>
<!-- Generated by org.testng.reporters.JUnitReportReporter -->
<testsuite hostname="GovindMaddala" failures="0" tests="2" name="_6_d_parameterizing" time="0.019" errors="0" timestamp="2022-04-17T10:07:46 IST" skipped="0">
  <testcase classname="_6_d_parameterizing" name="parameter6a" time="0.005"/>
  <system-out/>
  <testcase classname="_6_d_parameterizing" name="test6a" time="0.014"/>
  <system-out/>
</testsuite> <!-- _6_d_parameterizing -->
