<?xml version="1.0" encoding="UTF-8"?>
<!-- Generated by org.testng.reporters.JUnitReportReporter -->
<testsuite hostname="GovindMaddala" failures="0" tests="5" name="newPackage.Test1" time="0.066" errors="0" timestamp="2022-04-17T10:08:54 IST" skipped="0">
  <testcase classname="newPackage.Test1" name="abc" time="0.027"/>
  <system-out/>
  <testcase classname="newPackage.Test1" name="def" time="0.008"/>
  <system-out/>
  <testcase classname="newPackage.Test1" name="bcd" time="0.005"/>
  <system-out/>
  <testcase classname="newPackage.Test1" name="cde" time="0.018"/>
  <system-out/>
  <testcase classname="newPackage.Test1" name="efg" time="0.008"/>
  <system-out/>
</testsuite> <!-- newPackage.Test1 -->
