<?xml version="1.0" encoding="UTF-8"?>
<!-- Generated by org.testng.reporters.JUnitReportReporter -->
<testsuite hostname="LAPTOP-KA4DGM33" failures="0" tests="1" name="learnnew.Extent_Report._0_intro" time="4.709" errors="0" timestamp="2022-08-03T17:27:56 IST" skipped="0">
  <testcase classname="learnnew.Extent_Report._0_intro" name="extentrepoDemo" time="4.709"/>
  <system-out/>
</testsuite> <!-- learnnew.Extent_Report._0_intro -->
