<?xml version="1.0" encoding="UTF-8"?>
<!-- Generated by org.testng.reporters.JUnitReportReporter -->
<testsuite hostname="LAPTOP-KA4DGM33" failures="0" tests="1" name="prac.HomePageTest" time="2.289" errors="0" timestamp="2022-08-03T14:50:35 IST" skipped="0">
  <testcase classname="prac.HomePageTest" name="searchFunction" time="2.289"/>
  <system-out/>
</testsuite> <!-- prac.HomePageTest -->
