<?xml version="1.0" encoding="UTF-8"?>
<!-- Generated by org.testng.reporters.JUnitReportReporter -->
<testsuite hostname="LAPTOP-KA4DGM33" failures="0" tests="3" name="TrialPackage.Folder_1" time="0.060" errors="0" timestamp="2022-09-24T19:27:59 IST" skipped="0">
  <testcase classname="TrialPackage.Folder_1" name="classA" time="0.004"/>
  <system-out/>
  <testcase classname="TrialPackage.Folder_1" name="classA" time="0.053"/>
  <system-out/>
  <testcase classname="TrialPackage.Folder_1" name="classA" time="0.003"/>
  <system-out/>
</testsuite> <!-- TrialPackage.Folder_1 -->
