<?xml version="1.0" encoding="UTF-8"?>
<!-- Generated by org.testng.reporters.JUnitReportReporter -->
<testsuite hostname="LAPTOP-KA4DGM33" failures="0" tests="1" name="TrialPackage.Folder_2" time="0.014" errors="0" timestamp="2022-09-24T19:18:33 IST" skipped="0">
  <testcase classname="TrialPackage.Folder_2" name="classB" time="0.014"/>
  <system-out/>
</testsuite> <!-- TrialPackage.Folder_2 -->
